[0.015s] Invoking command in '/home/dynepanch/ros2_ws/src/person_msgs/build/person_msgs': CMAKE_PREFIX_PATH=${CMAKE_PREFIX_PATH}:/home/dynepanch/ros2_ws/install/mypkg:/home/dynepanch/ros2_ws/install/CIT_DAR:/home/dynepanch/ros2_ws3/ros2_ws/install/mypkg:/opt/ros/humble /usr/bin/cmake /home/dynepanch/ros2_ws/src/person_msgs -DCMAKE_INSTALL_PREFIX=/home/dynepanch/ros2_ws/src/person_msgs/install/person_msgs
[0.350s] -- The C compiler identification is GNU 11.3.0
[0.817s] -- The CXX compiler identification is GNU 11.3.0
[1.128s] -- Detecting C compiler ABI info
[1.259s] -- Detecting C compiler ABI info - done
[1.265s] -- Check for working C compiler: /usr/bin/cc - skipped
[1.271s] -- Detecting C compile features
[1.271s] -- Detecting C compile features - done
[1.274s] -- Detecting CXX compiler ABI info
[1.405s] -- Detecting CXX compiler ABI info - done
[1.412s] -- Check for working CXX compiler: /usr/bin/c++ - skipped
[1.412s] -- Detecting CXX compile features
[1.412s] -- Detecting CXX compile features - done
[1.418s] -- Found ament_cmake: 1.3.2 (/opt/ros/humble/share/ament_cmake/cmake)
[1.568s] -- Found Python3: /usr/bin/python3.10 (found version "3.10.6") found components: Interpreter 
[1.655s] -- Found rosidl_default_generators: 1.2.0 (/opt/ros/humble/share/rosidl_default_generators/cmake)
[1.658s] -- Using all available rosidl_typesupport_c: rosidl_typesupport_fastrtps_c;rosidl_typesupport_introspection_c
[1.665s] -- Found rosidl_adapter: 3.1.3 (/opt/ros/humble/share/rosidl_adapter/cmake)
[1.818s] -- Using all available rosidl_typesupport_cpp: rosidl_typesupport_fastrtps_cpp;rosidl_typesupport_introspection_cpp
[2.058s] -- Found ament_cmake_ros: 0.10.0 (/opt/ros/humble/share/ament_cmake_ros/cmake)
[2.210s] -- Using all available rosidl_typesupport_c: rosidl_typesupport_fastrtps_c;rosidl_typesupport_introspection_c
[2.402s] -- Using all available rosidl_typesupport_cpp: rosidl_typesupport_fastrtps_cpp;rosidl_typesupport_introspection_cpp
[2.524s] -- Found PythonInterp: /usr/bin/python3 (found suitable version "3.10.6", minimum required is "3.6") 
[2.525s] -- Found python_cmake_module: 0.10.0 (/opt/ros/humble/share/python_cmake_module/cmake)
[2.868s] -- Found PythonLibs: /usr/lib/x86_64-linux-gnu/libpython3.10.so (found suitable version "3.10.6", minimum required is "3.5") 
[2.868s] -- Using PYTHON_EXECUTABLE: /usr/bin/python3
[2.868s] -- Using PYTHON_INCLUDE_DIRS: /usr/include/python3.10
[2.868s] -- Using PYTHON_LIBRARIES: /usr/lib/x86_64-linux-gnu/libpython3.10.so
[2.885s] -- Found PythonExtra: .so  
[2.953s] -- Found ament_lint_auto: 0.12.4 (/opt/ros/humble/share/ament_lint_auto/cmake)
[3.022s] -- Added test 'cppcheck' to perform static code analysis on C / C++ code
[3.023s] -- Configured cppcheck include dirs: $<BUILD_INTERFACE:/home/dynepanch/ros2_ws/src/person_msgs/build/person_msgs/rosidl_generator_c>;$<BUILD_INTERFACE:/home/dynepanch/ros2_ws/src/person_msgs/build/person_msgs/rosidl_typesupport_fastrtps_c>;$<BUILD_INTERFACE:/home/dynepanch/ros2_ws/src/person_msgs/build/person_msgs/rosidl_typesupport_introspection_c>;$<BUILD_INTERFACE:/home/dynepanch/ros2_ws/src/person_msgs/build/person_msgs/rosidl_generator_cpp>;$<BUILD_INTERFACE:/home/dynepanch/ros2_ws/src/person_msgs/build/person_msgs/rosidl_typesupport_fastrtps_cpp>;$<BUILD_INTERFACE:/home/dynepanch/ros2_ws/src/person_msgs/build/person_msgs/rosidl_typesupport_introspection_cpp>;/home/dynepanch/ros2_ws/src/person_msgs/build/person_msgs/rosidl_generator_c;/home/dynepanch/ros2_ws/src/person_msgs/build/person_msgs/rosidl_generator_py
[3.023s] -- Configured cppcheck exclude dirs and/or files: 
[3.027s] -- Added test 'flake8' to check Python code syntax and style conventions
[3.035s] -- Added test 'lint_cmake' to check CMake code style
[3.040s] -- Added test 'pep257' to check Python code against some of the docstring style conventions in PEP 257
[3.073s] -- Added test 'uncrustify' to check C / C++ code style
[3.073s] -- Configured uncrustify additional arguments: 
[3.078s] -- Added test 'xmllint' to check XML markup files
[3.080s] -- Configuring done
[3.111s] -- Generating done
[3.116s] -- Build files have been written to: /home/dynepanch/ros2_ws/src/person_msgs/build/person_msgs
[3.124s] Invoked command in '/home/dynepanch/ros2_ws/src/person_msgs/build/person_msgs' returned '0': CMAKE_PREFIX_PATH=${CMAKE_PREFIX_PATH}:/home/dynepanch/ros2_ws/install/mypkg:/home/dynepanch/ros2_ws/install/CIT_DAR:/home/dynepanch/ros2_ws3/ros2_ws/install/mypkg:/opt/ros/humble /usr/bin/cmake /home/dynepanch/ros2_ws/src/person_msgs -DCMAKE_INSTALL_PREFIX=/home/dynepanch/ros2_ws/src/person_msgs/install/person_msgs
[3.125s] Invoking command in '/home/dynepanch/ros2_ws/src/person_msgs/build/person_msgs': CMAKE_PREFIX_PATH=${CMAKE_PREFIX_PATH}:/home/dynepanch/ros2_ws/install/mypkg:/home/dynepanch/ros2_ws/install/CIT_DAR:/home/dynepanch/ros2_ws3/ros2_ws/install/mypkg:/opt/ros/humble /usr/bin/cmake --build /home/dynepanch/ros2_ws/src/person_msgs/build/person_msgs -- -j12 -l12
[3.148s] [  2%] [34m[1mGenerating C code for ROS interfaces[0m
[3.155s] [  5%] [34m[1mGenerating C++ code for ROS interfaces[0m
[3.160s] [  5%] Built target ament_cmake_python_copy_person_msgs
[3.384s] running egg_info
[3.384s] creating person_msgs.egg-info
[3.385s] writing person_msgs.egg-info/PKG-INFO
[3.385s] writing dependency_links to person_msgs.egg-info/dependency_links.txt
[3.385s] writing top-level names to person_msgs.egg-info/top_level.txt
[3.385s] writing manifest file 'person_msgs.egg-info/SOURCES.txt'
[3.387s] reading manifest file 'person_msgs.egg-info/SOURCES.txt'
[3.387s] writing manifest file 'person_msgs.egg-info/SOURCES.txt'
[3.410s] [  5%] Built target ament_cmake_python_build_person_msgs_egg
[3.465s] [  5%] Built target person_msgs__cpp
[3.473s] [  7%] [34m[1mGenerating C++ type support for eProsima Fast-RTPS[0m
[3.473s] [ 10%] [34m[1mGenerating C++ type support dispatch for ROS interfaces[0m
[3.474s] [ 12%] [34m[1mGenerating C++ introspection for ROS interfaces[0m
[3.495s] [ 17%] [32mBuilding C object CMakeFiles/person_msgs__rosidl_generator_c.dir/rosidl_generator_c/person_msgs/msg/detail/person__functions.c.o[0m
[3.495s] [ 17%] [32mBuilding C object CMakeFiles/person_msgs__rosidl_generator_c.dir/rosidl_generator_c/person_msgs/srv/detail/query__functions.c.o[0m
[3.548s] [ 20%] [32m[1mLinking C shared library libperson_msgs__rosidl_generator_c.so[0m
[3.649s] [ 20%] Built target person_msgs__rosidl_generator_c
[3.657s] [ 28%] [34m[1mGenerating C type support dispatch for ROS interfaces[0m
[3.657s] [ 28%] [34m[1mGenerating C type support for eProsima Fast-RTPS[0m
[3.657s] [ 28%] [34m[1mGenerating C introspection for ROS interfaces[0m
[3.768s] [ 33%] [32mBuilding CXX object CMakeFiles/person_msgs__rosidl_typesupport_cpp.dir/rosidl_typesupport_cpp/person_msgs/srv/query__type_support.cpp.o[0m
[3.768s] [ 33%] [32mBuilding CXX object CMakeFiles/person_msgs__rosidl_typesupport_cpp.dir/rosidl_typesupport_cpp/person_msgs/msg/person__type_support.cpp.o[0m
[3.795s] [ 35%] [32mBuilding CXX object CMakeFiles/person_msgs__rosidl_typesupport_introspection_cpp.dir/rosidl_typesupport_introspection_cpp/person_msgs/msg/detail/person__type_support.cpp.o[0m
[3.796s] [ 38%] [32mBuilding CXX object CMakeFiles/person_msgs__rosidl_typesupport_introspection_cpp.dir/rosidl_typesupport_introspection_cpp/person_msgs/srv/detail/query__type_support.cpp.o[0m
[3.839s] [ 41%] [32mBuilding CXX object CMakeFiles/person_msgs__rosidl_typesupport_fastrtps_cpp.dir/rosidl_typesupport_fastrtps_cpp/person_msgs/msg/detail/dds_fastrtps/person__type_support.cpp.o[0m
[3.840s] [ 43%] [32mBuilding CXX object CMakeFiles/person_msgs__rosidl_typesupport_fastrtps_cpp.dir/rosidl_typesupport_fastrtps_cpp/person_msgs/srv/detail/dds_fastrtps/query__type_support.cpp.o[0m
[4.036s] [ 46%] [32mBuilding CXX object CMakeFiles/person_msgs__rosidl_typesupport_c.dir/rosidl_typesupport_c/person_msgs/msg/person__type_support.cpp.o[0m
[4.038s] [ 48%] [32mBuilding CXX object CMakeFiles/person_msgs__rosidl_typesupport_c.dir/rosidl_typesupport_c/person_msgs/srv/query__type_support.cpp.o[0m
[4.081s] [ 53%] [32m[1mLinking CXX shared library libperson_msgs__rosidl_typesupport_c.so[0m
[4.081s] [ 53%] [32mBuilding C object CMakeFiles/person_msgs__rosidl_typesupport_introspection_c.dir/rosidl_typesupport_introspection_c/person_msgs/msg/detail/person__type_support.c.o[0m
[4.083s] [ 56%] [32mBuilding C object CMakeFiles/person_msgs__rosidl_typesupport_introspection_c.dir/rosidl_typesupport_introspection_c/person_msgs/srv/detail/query__type_support.c.o[0m
[4.101s] [ 58%] [32mBuilding CXX object CMakeFiles/person_msgs__rosidl_typesupport_fastrtps_c.dir/rosidl_typesupport_fastrtps_c/person_msgs/srv/detail/query__type_support_c.cpp.o[0m
[4.108s] [ 61%] [32mBuilding CXX object CMakeFiles/person_msgs__rosidl_typesupport_fastrtps_c.dir/rosidl_typesupport_fastrtps_c/person_msgs/msg/detail/person__type_support_c.cpp.o[0m
[4.140s] [ 64%] [32m[1mLinking C shared library libperson_msgs__rosidl_typesupport_introspection_c.so[0m
[4.233s] [ 64%] Built target person_msgs__rosidl_typesupport_c
[4.253s] [ 64%] Built target person_msgs__rosidl_typesupport_introspection_c
[4.260s] [ 66%] [32m[1mLinking CXX shared library libperson_msgs__rosidl_typesupport_cpp.so[0m
[4.378s] [ 66%] Built target person_msgs__rosidl_typesupport_cpp
[4.412s] [ 69%] [32m[1mLinking CXX shared library libperson_msgs__rosidl_typesupport_introspection_cpp.so[0m
[4.468s] [ 71%] [32m[1mLinking CXX shared library libperson_msgs__rosidl_typesupport_fastrtps_cpp.so[0m
[4.541s] [ 71%] Built target person_msgs__rosidl_typesupport_introspection_cpp
[4.544s] [ 74%] [32m[1mLinking CXX shared library libperson_msgs__rosidl_typesupport_fastrtps_c.so[0m
[4.600s] [ 74%] Built target person_msgs__rosidl_typesupport_fastrtps_cpp
[4.664s] [ 74%] Built target person_msgs__rosidl_typesupport_fastrtps_c
[4.677s] [ 74%] Built target person_msgs
[4.689s] [ 76%] [34m[1mGenerating Python code for ROS interfaces[0m
[5.188s] [ 76%] Built target person_msgs__py
[5.200s] [ 79%] [32mBuilding C object CMakeFiles/person_msgs__rosidl_generator_py.dir/rosidl_generator_py/person_msgs/srv/_query_s.c.o[0m
[5.200s] [ 82%] [32mBuilding C object CMakeFiles/person_msgs__rosidl_generator_py.dir/rosidl_generator_py/person_msgs/msg/_person_s.c.o[0m
[5.289s] [ 84%] [32m[1mLinking C shared library rosidl_generator_py/person_msgs/libperson_msgs__rosidl_generator_py.so[0m
[5.393s] [ 84%] Built target person_msgs__rosidl_generator_py
[5.407s] [ 92%] [32mBuilding C object CMakeFiles/person_msgs__rosidl_typesupport_fastrtps_c__pyext.dir/rosidl_generator_py/person_msgs/_person_msgs_s.ep.rosidl_typesupport_fastrtps_c.c.o[0m
[5.407s] [ 92%] [32mBuilding C object CMakeFiles/person_msgs__rosidl_typesupport_introspection_c__pyext.dir/rosidl_generator_py/person_msgs/_person_msgs_s.ep.rosidl_typesupport_introspection_c.c.o[0m
[5.407s] [ 92%] [32mBuilding C object CMakeFiles/person_msgs__rosidl_typesupport_c__pyext.dir/rosidl_generator_py/person_msgs/_person_msgs_s.ep.rosidl_typesupport_c.c.o[0m
[5.483s] [ 94%] [32m[1mLinking C shared library rosidl_generator_py/person_msgs/person_msgs_s__rosidl_typesupport_fastrtps_c.cpython-310-x86_64-linux-gnu.so[0m
[5.486s] [100%] [32m[1mLinking C shared library rosidl_generator_py/person_msgs/person_msgs_s__rosidl_typesupport_c.cpython-310-x86_64-linux-gnu.so[0m
[5.486s] [100%] [32m[1mLinking C shared library rosidl_generator_py/person_msgs/person_msgs_s__rosidl_typesupport_introspection_c.cpython-310-x86_64-linux-gnu.so[0m
[5.569s] [100%] Built target person_msgs__rosidl_typesupport_fastrtps_c__pyext
[5.569s] [100%] Built target person_msgs__rosidl_typesupport_introspection_c__pyext
[5.590s] [100%] Built target person_msgs__rosidl_typesupport_c__pyext
[5.599s] Invoked command in '/home/dynepanch/ros2_ws/src/person_msgs/build/person_msgs' returned '0': CMAKE_PREFIX_PATH=${CMAKE_PREFIX_PATH}:/home/dynepanch/ros2_ws/install/mypkg:/home/dynepanch/ros2_ws/install/CIT_DAR:/home/dynepanch/ros2_ws3/ros2_ws/install/mypkg:/opt/ros/humble /usr/bin/cmake --build /home/dynepanch/ros2_ws/src/person_msgs/build/person_msgs -- -j12 -l12
[5.656s] Invoking command in '/home/dynepanch/ros2_ws/src/person_msgs/build/person_msgs': CMAKE_PREFIX_PATH=${CMAKE_PREFIX_PATH}:/home/dynepanch/ros2_ws/install/mypkg:/home/dynepanch/ros2_ws/install/CIT_DAR:/home/dynepanch/ros2_ws3/ros2_ws/install/mypkg:/opt/ros/humble /usr/bin/cmake --install /home/dynepanch/ros2_ws/src/person_msgs/build/person_msgs
[5.660s] -- Install configuration: ""
[5.661s] -- Installing: /home/dynepanch/ros2_ws/src/person_msgs/install/person_msgs/share/ament_index/resource_index/rosidl_interfaces/person_msgs
[5.661s] -- Installing: /home/dynepanch/ros2_ws/src/person_msgs/install/person_msgs/include/person_msgs/person_msgs
[5.661s] -- Installing: /home/dynepanch/ros2_ws/src/person_msgs/install/person_msgs/include/person_msgs/person_msgs/srv
[5.661s] -- Installing: /home/dynepanch/ros2_ws/src/person_msgs/install/person_msgs/include/person_msgs/person_msgs/srv/query.h
[5.661s] -- Installing: /home/dynepanch/ros2_ws/src/person_msgs/install/person_msgs/include/person_msgs/person_msgs/srv/detail
[5.661s] -- Installing: /home/dynepanch/ros2_ws/src/person_msgs/install/person_msgs/include/person_msgs/person_msgs/srv/detail/query__functions.c
[5.662s] -- Installing: /home/dynepanch/ros2_ws/src/person_msgs/install/person_msgs/include/person_msgs/person_msgs/srv/detail/query__type_support.h
[5.662s] -- Installing: /home/dynepanch/ros2_ws/src/person_msgs/install/person_msgs/include/person_msgs/person_msgs/srv/detail/query__functions.h
[5.662s] -- Installing: /home/dynepanch/ros2_ws/src/person_msgs/install/person_msgs/include/person_msgs/person_msgs/srv/detail/query__struct.h
[5.662s] -- Installing: /home/dynepanch/ros2_ws/src/person_msgs/install/person_msgs/include/person_msgs/person_msgs/msg
[5.662s] -- Installing: /home/dynepanch/ros2_ws/src/person_msgs/install/person_msgs/include/person_msgs/person_msgs/msg/person.h
[5.662s] -- Installing: /home/dynepanch/ros2_ws/src/person_msgs/install/person_msgs/include/person_msgs/person_msgs/msg/rosidl_generator_c__visibility_control.h
[5.662s] -- Installing: /home/dynepanch/ros2_ws/src/person_msgs/install/person_msgs/include/person_msgs/person_msgs/msg/detail
[5.662s] -- Installing: /home/dynepanch/ros2_ws/src/person_msgs/install/person_msgs/include/person_msgs/person_msgs/msg/detail/person__functions.c
[5.662s] -- Installing: /home/dynepanch/ros2_ws/src/person_msgs/install/person_msgs/include/person_msgs/person_msgs/msg/detail/person__type_support.h
[5.662s] -- Installing: /home/dynepanch/ros2_ws/src/person_msgs/install/person_msgs/include/person_msgs/person_msgs/msg/detail/person__functions.h
[5.663s] -- Installing: /home/dynepanch/ros2_ws/src/person_msgs/install/person_msgs/include/person_msgs/person_msgs/msg/detail/person__struct.h
[5.663s] -- Installing: /home/dynepanch/ros2_ws/src/person_msgs/install/person_msgs/share/person_msgs/environment/library_path.sh
[5.663s] -- Installing: /home/dynepanch/ros2_ws/src/person_msgs/install/person_msgs/share/person_msgs/environment/library_path.dsv
[5.663s] -- Installing: /home/dynepanch/ros2_ws/src/person_msgs/install/person_msgs/lib/libperson_msgs__rosidl_generator_c.so
[5.663s] -- Set runtime path of "/home/dynepanch/ros2_ws/src/person_msgs/install/person_msgs/lib/libperson_msgs__rosidl_generator_c.so" to ""
[5.663s] -- Up-to-date: /home/dynepanch/ros2_ws/src/person_msgs/install/person_msgs/include/person_msgs/person_msgs
[5.663s] -- Up-to-date: /home/dynepanch/ros2_ws/src/person_msgs/install/person_msgs/include/person_msgs/person_msgs/srv
[5.664s] -- Up-to-date: /home/dynepanch/ros2_ws/src/person_msgs/install/person_msgs/include/person_msgs/person_msgs/srv/detail
[5.664s] -- Installing: /home/dynepanch/ros2_ws/src/person_msgs/install/person_msgs/include/person_msgs/person_msgs/srv/detail/query__rosidl_typesupport_fastrtps_c.h
[5.664s] -- Up-to-date: /home/dynepanch/ros2_ws/src/person_msgs/install/person_msgs/include/person_msgs/person_msgs/msg
[5.664s] -- Installing: /home/dynepanch/ros2_ws/src/person_msgs/install/person_msgs/include/person_msgs/person_msgs/msg/rosidl_typesupport_fastrtps_c__visibility_control.h
[5.664s] -- Up-to-date: /home/dynepanch/ros2_ws/src/person_msgs/install/person_msgs/include/person_msgs/person_msgs/msg/detail
[5.665s] -- Installing: /home/dynepanch/ros2_ws/src/person_msgs/install/person_msgs/include/person_msgs/person_msgs/msg/detail/person__rosidl_typesupport_fastrtps_c.h
[5.665s] -- Installing: /home/dynepanch/ros2_ws/src/person_msgs/install/person_msgs/lib/libperson_msgs__rosidl_typesupport_fastrtps_c.so
[5.665s] -- Set runtime path of "/home/dynepanch/ros2_ws/src/person_msgs/install/person_msgs/lib/libperson_msgs__rosidl_typesupport_fastrtps_c.so" to ""
[5.665s] -- Up-to-date: /home/dynepanch/ros2_ws/src/person_msgs/install/person_msgs/include/person_msgs/person_msgs
[5.665s] -- Up-to-date: /home/dynepanch/ros2_ws/src/person_msgs/install/person_msgs/include/person_msgs/person_msgs/srv
[5.665s] -- Up-to-date: /home/dynepanch/ros2_ws/src/person_msgs/install/person_msgs/include/person_msgs/person_msgs/srv/detail
[5.665s] -- Installing: /home/dynepanch/ros2_ws/src/person_msgs/install/person_msgs/include/person_msgs/person_msgs/srv/detail/query__type_support.c
[5.666s] -- Installing: /home/dynepanch/ros2_ws/src/person_msgs/install/person_msgs/include/person_msgs/person_msgs/srv/detail/query__rosidl_typesupport_introspection_c.h
[5.666s] -- Up-to-date: /home/dynepanch/ros2_ws/src/person_msgs/install/person_msgs/include/person_msgs/person_msgs/msg
[5.666s] -- Installing: /home/dynepanch/ros2_ws/src/person_msgs/install/person_msgs/include/person_msgs/person_msgs/msg/rosidl_typesupport_introspection_c__visibility_control.h
[5.666s] -- Up-to-date: /home/dynepanch/ros2_ws/src/person_msgs/install/person_msgs/include/person_msgs/person_msgs/msg/detail
[5.667s] -- Installing: /home/dynepanch/ros2_ws/src/person_msgs/install/person_msgs/include/person_msgs/person_msgs/msg/detail/person__type_support.c
[5.667s] -- Installing: /home/dynepanch/ros2_ws/src/person_msgs/install/person_msgs/include/person_msgs/person_msgs/msg/detail/person__rosidl_typesupport_introspection_c.h
[5.667s] -- Installing: /home/dynepanch/ros2_ws/src/person_msgs/install/person_msgs/lib/libperson_msgs__rosidl_typesupport_introspection_c.so
[5.667s] -- Set runtime path of "/home/dynepanch/ros2_ws/src/person_msgs/install/person_msgs/lib/libperson_msgs__rosidl_typesupport_introspection_c.so" to ""
[5.667s] -- Installing: /home/dynepanch/ros2_ws/src/person_msgs/install/person_msgs/lib/libperson_msgs__rosidl_typesupport_c.so
[5.667s] -- Set runtime path of "/home/dynepanch/ros2_ws/src/person_msgs/install/person_msgs/lib/libperson_msgs__rosidl_typesupport_c.so" to ""
[5.667s] -- Up-to-date: /home/dynepanch/ros2_ws/src/person_msgs/install/person_msgs/include/person_msgs/person_msgs
[5.667s] -- Up-to-date: /home/dynepanch/ros2_ws/src/person_msgs/install/person_msgs/include/person_msgs/person_msgs/srv
[5.667s] -- Installing: /home/dynepanch/ros2_ws/src/person_msgs/install/person_msgs/include/person_msgs/person_msgs/srv/query.hpp
[5.667s] -- Up-to-date: /home/dynepanch/ros2_ws/src/person_msgs/install/person_msgs/include/person_msgs/person_msgs/srv/detail
[5.667s] -- Installing: /home/dynepanch/ros2_ws/src/person_msgs/install/person_msgs/include/person_msgs/person_msgs/srv/detail/query__builder.hpp
[5.667s] -- Installing: /home/dynepanch/ros2_ws/src/person_msgs/install/person_msgs/include/person_msgs/person_msgs/srv/detail/query__struct.hpp
[5.668s] -- Installing: /home/dynepanch/ros2_ws/src/person_msgs/install/person_msgs/include/person_msgs/person_msgs/srv/detail/query__traits.hpp
[5.668s] -- Up-to-date: /home/dynepanch/ros2_ws/src/person_msgs/install/person_msgs/include/person_msgs/person_msgs/msg
[5.668s] -- Installing: /home/dynepanch/ros2_ws/src/person_msgs/install/person_msgs/include/person_msgs/person_msgs/msg/person.hpp
[5.668s] -- Up-to-date: /home/dynepanch/ros2_ws/src/person_msgs/install/person_msgs/include/person_msgs/person_msgs/msg/detail
[5.668s] -- Installing: /home/dynepanch/ros2_ws/src/person_msgs/install/person_msgs/include/person_msgs/person_msgs/msg/detail/person__builder.hpp
[5.668s] -- Installing: /home/dynepanch/ros2_ws/src/person_msgs/install/person_msgs/include/person_msgs/person_msgs/msg/detail/person__traits.hpp
[5.668s] -- Installing: /home/dynepanch/ros2_ws/src/person_msgs/install/person_msgs/include/person_msgs/person_msgs/msg/detail/person__struct.hpp
[5.668s] -- Up-to-date: /home/dynepanch/ros2_ws/src/person_msgs/install/person_msgs/include/person_msgs/person_msgs
[5.668s] -- Up-to-date: /home/dynepanch/ros2_ws/src/person_msgs/install/person_msgs/include/person_msgs/person_msgs/srv
[5.668s] -- Up-to-date: /home/dynepanch/ros2_ws/src/person_msgs/install/person_msgs/include/person_msgs/person_msgs/srv/detail
[5.668s] -- Installing: /home/dynepanch/ros2_ws/src/person_msgs/install/person_msgs/include/person_msgs/person_msgs/srv/detail/dds_fastrtps
[5.668s] -- Installing: /home/dynepanch/ros2_ws/src/person_msgs/install/person_msgs/include/person_msgs/person_msgs/srv/detail/query__rosidl_typesupport_fastrtps_cpp.hpp
[5.668s] -- Up-to-date: /home/dynepanch/ros2_ws/src/person_msgs/install/person_msgs/include/person_msgs/person_msgs/msg
[5.668s] -- Installing: /home/dynepanch/ros2_ws/src/person_msgs/install/person_msgs/include/person_msgs/person_msgs/msg/rosidl_typesupport_fastrtps_cpp__visibility_control.h
[5.668s] -- Up-to-date: /home/dynepanch/ros2_ws/src/person_msgs/install/person_msgs/include/person_msgs/person_msgs/msg/detail
[5.668s] -- Installing: /home/dynepanch/ros2_ws/src/person_msgs/install/person_msgs/include/person_msgs/person_msgs/msg/detail/dds_fastrtps
[5.668s] -- Installing: /home/dynepanch/ros2_ws/src/person_msgs/install/person_msgs/include/person_msgs/person_msgs/msg/detail/person__rosidl_typesupport_fastrtps_cpp.hpp
[5.668s] -- Installing: /home/dynepanch/ros2_ws/src/person_msgs/install/person_msgs/lib/libperson_msgs__rosidl_typesupport_fastrtps_cpp.so
[5.669s] -- Set runtime path of "/home/dynepanch/ros2_ws/src/person_msgs/install/person_msgs/lib/libperson_msgs__rosidl_typesupport_fastrtps_cpp.so" to ""
[5.669s] -- Up-to-date: /home/dynepanch/ros2_ws/src/person_msgs/install/person_msgs/include/person_msgs/person_msgs
[5.669s] -- Up-to-date: /home/dynepanch/ros2_ws/src/person_msgs/install/person_msgs/include/person_msgs/person_msgs/srv
[5.669s] -- Up-to-date: /home/dynepanch/ros2_ws/src/person_msgs/install/person_msgs/include/person_msgs/person_msgs/srv/detail
[5.669s] -- Installing: /home/dynepanch/ros2_ws/src/person_msgs/install/person_msgs/include/person_msgs/person_msgs/srv/detail/query__type_support.cpp
[5.670s] -- Installing: /home/dynepanch/ros2_ws/src/person_msgs/install/person_msgs/include/person_msgs/person_msgs/srv/detail/query__rosidl_typesupport_introspection_cpp.hpp
[5.670s] -- Up-to-date: /home/dynepanch/ros2_ws/src/person_msgs/install/person_msgs/include/person_msgs/person_msgs/msg
[5.670s] -- Up-to-date: /home/dynepanch/ros2_ws/src/person_msgs/install/person_msgs/include/person_msgs/person_msgs/msg/detail
[5.670s] -- Installing: /home/dynepanch/ros2_ws/src/person_msgs/install/person_msgs/include/person_msgs/person_msgs/msg/detail/person__rosidl_typesupport_introspection_cpp.hpp
[5.670s] -- Installing: /home/dynepanch/ros2_ws/src/person_msgs/install/person_msgs/include/person_msgs/person_msgs/msg/detail/person__type_support.cpp
[5.670s] -- Installing: /home/dynepanch/ros2_ws/src/person_msgs/install/person_msgs/lib/libperson_msgs__rosidl_typesupport_introspection_cpp.so
[5.671s] -- Set runtime path of "/home/dynepanch/ros2_ws/src/person_msgs/install/person_msgs/lib/libperson_msgs__rosidl_typesupport_introspection_cpp.so" to ""
[5.671s] -- Installing: /home/dynepanch/ros2_ws/src/person_msgs/install/person_msgs/lib/libperson_msgs__rosidl_typesupport_cpp.so
[5.671s] -- Set runtime path of "/home/dynepanch/ros2_ws/src/person_msgs/install/person_msgs/lib/libperson_msgs__rosidl_typesupport_cpp.so" to ""
[5.671s] -- Installing: /home/dynepanch/ros2_ws/src/person_msgs/install/person_msgs/share/person_msgs/environment/pythonpath.sh
[5.671s] -- Installing: /home/dynepanch/ros2_ws/src/person_msgs/install/person_msgs/share/person_msgs/environment/pythonpath.dsv
[5.671s] -- Installing: /home/dynepanch/ros2_ws/src/person_msgs/install/person_msgs/local/lib/python3.10/dist-packages/person_msgs-0.0.0-py3.10.egg-info
[5.672s] -- Installing: /home/dynepanch/ros2_ws/src/person_msgs/install/person_msgs/local/lib/python3.10/dist-packages/person_msgs-0.0.0-py3.10.egg-info/top_level.txt
[5.672s] -- Installing: /home/dynepanch/ros2_ws/src/person_msgs/install/person_msgs/local/lib/python3.10/dist-packages/person_msgs-0.0.0-py3.10.egg-info/dependency_links.txt
[5.672s] -- Installing: /home/dynepanch/ros2_ws/src/person_msgs/install/person_msgs/local/lib/python3.10/dist-packages/person_msgs-0.0.0-py3.10.egg-info/SOURCES.txt
[5.672s] -- Installing: /home/dynepanch/ros2_ws/src/person_msgs/install/person_msgs/local/lib/python3.10/dist-packages/person_msgs-0.0.0-py3.10.egg-info/PKG-INFO
[5.672s] -- Installing: /home/dynepanch/ros2_ws/src/person_msgs/install/person_msgs/local/lib/python3.10/dist-packages/person_msgs
[5.672s] -- Installing: /home/dynepanch/ros2_ws/src/person_msgs/install/person_msgs/local/lib/python3.10/dist-packages/person_msgs/srv
[5.673s] -- Installing: /home/dynepanch/ros2_ws/src/person_msgs/install/person_msgs/local/lib/python3.10/dist-packages/person_msgs/srv/_query_s.c
[5.673s] -- Installing: /home/dynepanch/ros2_ws/src/person_msgs/install/person_msgs/local/lib/python3.10/dist-packages/person_msgs/srv/_query.py
[5.673s] -- Installing: /home/dynepanch/ros2_ws/src/person_msgs/install/person_msgs/local/lib/python3.10/dist-packages/person_msgs/srv/__init__.py
[5.673s] -- Installing: /home/dynepanch/ros2_ws/src/person_msgs/install/person_msgs/local/lib/python3.10/dist-packages/person_msgs/libperson_msgs__rosidl_generator_py.so
[5.673s] -- Installing: /home/dynepanch/ros2_ws/src/person_msgs/install/person_msgs/local/lib/python3.10/dist-packages/person_msgs/_person_msgs_s.ep.rosidl_typesupport_introspection_c.c
[5.673s] -- Installing: /home/dynepanch/ros2_ws/src/person_msgs/install/person_msgs/local/lib/python3.10/dist-packages/person_msgs/_person_msgs_s.ep.rosidl_typesupport_c.c
[5.674s] -- Installing: /home/dynepanch/ros2_ws/src/person_msgs/install/person_msgs/local/lib/python3.10/dist-packages/person_msgs/person_msgs_s__rosidl_typesupport_fastrtps_c.cpython-310-x86_64-linux-gnu.so
[5.674s] -- Installing: /home/dynepanch/ros2_ws/src/person_msgs/install/person_msgs/local/lib/python3.10/dist-packages/person_msgs/msg
[5.674s] -- Installing: /home/dynepanch/ros2_ws/src/person_msgs/install/person_msgs/local/lib/python3.10/dist-packages/person_msgs/msg/_person.py
[5.674s] -- Installing: /home/dynepanch/ros2_ws/src/person_msgs/install/person_msgs/local/lib/python3.10/dist-packages/person_msgs/msg/_person_s.c
[5.674s] -- Installing: /home/dynepanch/ros2_ws/src/person_msgs/install/person_msgs/local/lib/python3.10/dist-packages/person_msgs/msg/__init__.py
[5.674s] -- Installing: /home/dynepanch/ros2_ws/src/person_msgs/install/person_msgs/local/lib/python3.10/dist-packages/person_msgs/person_msgs_s__rosidl_typesupport_introspection_c.cpython-310-x86_64-linux-gnu.so
[5.674s] -- Installing: /home/dynepanch/ros2_ws/src/person_msgs/install/person_msgs/local/lib/python3.10/dist-packages/person_msgs/person_msgs_s__rosidl_typesupport_c.cpython-310-x86_64-linux-gnu.so
[5.674s] -- Installing: /home/dynepanch/ros2_ws/src/person_msgs/install/person_msgs/local/lib/python3.10/dist-packages/person_msgs/_person_msgs_s.ep.rosidl_typesupport_fastrtps_c.c
[5.675s] -- Installing: /home/dynepanch/ros2_ws/src/person_msgs/install/person_msgs/local/lib/python3.10/dist-packages/person_msgs/__init__.py
[5.702s] Listing '/home/dynepanch/ros2_ws/src/person_msgs/install/person_msgs/local/lib/python3.10/dist-packages/person_msgs'...
[5.703s] Compiling '/home/dynepanch/ros2_ws/src/person_msgs/install/person_msgs/local/lib/python3.10/dist-packages/person_msgs/__init__.py'...
[5.703s] Listing '/home/dynepanch/ros2_ws/src/person_msgs/install/person_msgs/local/lib/python3.10/dist-packages/person_msgs/msg'...
[5.703s] Compiling '/home/dynepanch/ros2_ws/src/person_msgs/install/person_msgs/local/lib/python3.10/dist-packages/person_msgs/msg/__init__.py'...
[5.703s] Compiling '/home/dynepanch/ros2_ws/src/person_msgs/install/person_msgs/local/lib/python3.10/dist-packages/person_msgs/msg/_person.py'...
[5.703s] Listing '/home/dynepanch/ros2_ws/src/person_msgs/install/person_msgs/local/lib/python3.10/dist-packages/person_msgs/srv'...
[5.703s] Compiling '/home/dynepanch/ros2_ws/src/person_msgs/install/person_msgs/local/lib/python3.10/dist-packages/person_msgs/srv/__init__.py'...
[5.703s] Compiling '/home/dynepanch/ros2_ws/src/person_msgs/install/person_msgs/local/lib/python3.10/dist-packages/person_msgs/srv/_query.py'...
[5.706s] -- Installing: /home/dynepanch/ros2_ws/src/person_msgs/install/person_msgs/local/lib/python3.10/dist-packages/person_msgs/person_msgs_s__rosidl_typesupport_fastrtps_c.cpython-310-x86_64-linux-gnu.so
[5.706s] -- Set runtime path of "/home/dynepanch/ros2_ws/src/person_msgs/install/person_msgs/local/lib/python3.10/dist-packages/person_msgs/person_msgs_s__rosidl_typesupport_fastrtps_c.cpython-310-x86_64-linux-gnu.so" to ""
[5.706s] -- Installing: /home/dynepanch/ros2_ws/src/person_msgs/install/person_msgs/local/lib/python3.10/dist-packages/person_msgs/person_msgs_s__rosidl_typesupport_introspection_c.cpython-310-x86_64-linux-gnu.so
[5.707s] -- Set runtime path of "/home/dynepanch/ros2_ws/src/person_msgs/install/person_msgs/local/lib/python3.10/dist-packages/person_msgs/person_msgs_s__rosidl_typesupport_introspection_c.cpython-310-x86_64-linux-gnu.so" to ""
[5.707s] -- Installing: /home/dynepanch/ros2_ws/src/person_msgs/install/person_msgs/local/lib/python3.10/dist-packages/person_msgs/person_msgs_s__rosidl_typesupport_c.cpython-310-x86_64-linux-gnu.so
[5.707s] -- Set runtime path of "/home/dynepanch/ros2_ws/src/person_msgs/install/person_msgs/local/lib/python3.10/dist-packages/person_msgs/person_msgs_s__rosidl_typesupport_c.cpython-310-x86_64-linux-gnu.so" to ""
[5.707s] -- Installing: /home/dynepanch/ros2_ws/src/person_msgs/install/person_msgs/lib/libperson_msgs__rosidl_generator_py.so
[5.707s] -- Set runtime path of "/home/dynepanch/ros2_ws/src/person_msgs/install/person_msgs/lib/libperson_msgs__rosidl_generator_py.so" to ""
[5.707s] -- Installing: /home/dynepanch/ros2_ws/src/person_msgs/install/person_msgs/share/person_msgs/msg/Person.idl
[5.707s] -- Installing: /home/dynepanch/ros2_ws/src/person_msgs/install/person_msgs/share/person_msgs/srv/Query.idl
[5.708s] -- Installing: /home/dynepanch/ros2_ws/src/person_msgs/install/person_msgs/share/person_msgs/msg/Person.msg
[5.708s] -- Installing: /home/dynepanch/ros2_ws/src/person_msgs/install/person_msgs/share/person_msgs/srv/Query.srv
[5.708s] -- Installing: /home/dynepanch/ros2_ws/src/person_msgs/install/person_msgs/share/person_msgs/srv/Query_Request.msg
[5.708s] -- Installing: /home/dynepanch/ros2_ws/src/person_msgs/install/person_msgs/share/person_msgs/srv/Query_Response.msg
[5.708s] -- Installing: /home/dynepanch/ros2_ws/src/person_msgs/install/person_msgs/share/ament_index/resource_index/package_run_dependencies/person_msgs
[5.708s] -- Installing: /home/dynepanch/ros2_ws/src/person_msgs/install/person_msgs/share/ament_index/resource_index/parent_prefix_path/person_msgs
[5.708s] -- Installing: /home/dynepanch/ros2_ws/src/person_msgs/install/person_msgs/share/person_msgs/environment/ament_prefix_path.sh
[5.708s] -- Installing: /home/dynepanch/ros2_ws/src/person_msgs/install/person_msgs/share/person_msgs/environment/ament_prefix_path.dsv
[5.709s] -- Installing: /home/dynepanch/ros2_ws/src/person_msgs/install/person_msgs/share/person_msgs/environment/path.sh
[5.709s] -- Installing: /home/dynepanch/ros2_ws/src/person_msgs/install/person_msgs/share/person_msgs/environment/path.dsv
[5.709s] -- Installing: /home/dynepanch/ros2_ws/src/person_msgs/install/person_msgs/share/person_msgs/local_setup.bash
[5.709s] -- Installing: /home/dynepanch/ros2_ws/src/person_msgs/install/person_msgs/share/person_msgs/local_setup.sh
[5.709s] -- Installing: /home/dynepanch/ros2_ws/src/person_msgs/install/person_msgs/share/person_msgs/local_setup.zsh
[5.709s] -- Installing: /home/dynepanch/ros2_ws/src/person_msgs/install/person_msgs/share/person_msgs/local_setup.dsv
[5.709s] -- Installing: /home/dynepanch/ros2_ws/src/person_msgs/install/person_msgs/share/person_msgs/package.dsv
[5.709s] -- Installing: /home/dynepanch/ros2_ws/src/person_msgs/install/person_msgs/share/ament_index/resource_index/packages/person_msgs
[5.710s] -- Installing: /home/dynepanch/ros2_ws/src/person_msgs/install/person_msgs/share/person_msgs/cmake/export_person_msgs__rosidl_generator_cExport.cmake
[5.710s] -- Installing: /home/dynepanch/ros2_ws/src/person_msgs/install/person_msgs/share/person_msgs/cmake/export_person_msgs__rosidl_generator_cExport-noconfig.cmake
[5.710s] -- Installing: /home/dynepanch/ros2_ws/src/person_msgs/install/person_msgs/share/person_msgs/cmake/export_person_msgs__rosidl_typesupport_fastrtps_cExport.cmake
[5.710s] -- Installing: /home/dynepanch/ros2_ws/src/person_msgs/install/person_msgs/share/person_msgs/cmake/export_person_msgs__rosidl_typesupport_fastrtps_cExport-noconfig.cmake
[5.710s] -- Installing: /home/dynepanch/ros2_ws/src/person_msgs/install/person_msgs/share/person_msgs/cmake/person_msgs__rosidl_typesupport_introspection_cExport.cmake
[5.711s] -- Installing: /home/dynepanch/ros2_ws/src/person_msgs/install/person_msgs/share/person_msgs/cmake/person_msgs__rosidl_typesupport_introspection_cExport-noconfig.cmake
[5.711s] -- Installing: /home/dynepanch/ros2_ws/src/person_msgs/install/person_msgs/share/person_msgs/cmake/person_msgs__rosidl_typesupport_cExport.cmake
[5.711s] -- Installing: /home/dynepanch/ros2_ws/src/person_msgs/install/person_msgs/share/person_msgs/cmake/person_msgs__rosidl_typesupport_cExport-noconfig.cmake
[5.711s] -- Installing: /home/dynepanch/ros2_ws/src/person_msgs/install/person_msgs/share/person_msgs/cmake/export_person_msgs__rosidl_generator_cppExport.cmake
[5.711s] -- Installing: /home/dynepanch/ros2_ws/src/person_msgs/install/person_msgs/share/person_msgs/cmake/export_person_msgs__rosidl_typesupport_fastrtps_cppExport.cmake
[5.712s] -- Installing: /home/dynepanch/ros2_ws/src/person_msgs/install/person_msgs/share/person_msgs/cmake/export_person_msgs__rosidl_typesupport_fastrtps_cppExport-noconfig.cmake
[5.712s] -- Installing: /home/dynepanch/ros2_ws/src/person_msgs/install/person_msgs/share/person_msgs/cmake/person_msgs__rosidl_typesupport_introspection_cppExport.cmake
[5.712s] -- Installing: /home/dynepanch/ros2_ws/src/person_msgs/install/person_msgs/share/person_msgs/cmake/person_msgs__rosidl_typesupport_introspection_cppExport-noconfig.cmake
[5.712s] -- Installing: /home/dynepanch/ros2_ws/src/person_msgs/install/person_msgs/share/person_msgs/cmake/person_msgs__rosidl_typesupport_cppExport.cmake
[5.713s] -- Installing: /home/dynepanch/ros2_ws/src/person_msgs/install/person_msgs/share/person_msgs/cmake/person_msgs__rosidl_typesupport_cppExport-noconfig.cmake
[5.713s] -- Installing: /home/dynepanch/ros2_ws/src/person_msgs/install/person_msgs/share/person_msgs/cmake/export_person_msgs__rosidl_generator_pyExport.cmake
[5.713s] -- Installing: /home/dynepanch/ros2_ws/src/person_msgs/install/person_msgs/share/person_msgs/cmake/export_person_msgs__rosidl_generator_pyExport-noconfig.cmake
[5.713s] -- Installing: /home/dynepanch/ros2_ws/src/person_msgs/install/person_msgs/share/person_msgs/cmake/rosidl_cmake-extras.cmake
[5.714s] -- Installing: /home/dynepanch/ros2_ws/src/person_msgs/install/person_msgs/share/person_msgs/cmake/ament_cmake_export_include_directories-extras.cmake
[5.714s] -- Installing: /home/dynepanch/ros2_ws/src/person_msgs/install/person_msgs/share/person_msgs/cmake/ament_cmake_export_libraries-extras.cmake
[5.714s] -- Installing: /home/dynepanch/ros2_ws/src/person_msgs/install/person_msgs/share/person_msgs/cmake/ament_cmake_export_targets-extras.cmake
[5.714s] -- Installing: /home/dynepanch/ros2_ws/src/person_msgs/install/person_msgs/share/person_msgs/cmake/rosidl_cmake_export_typesupport_targets-extras.cmake
[5.714s] -- Installing: /home/dynepanch/ros2_ws/src/person_msgs/install/person_msgs/share/person_msgs/cmake/ament_cmake_export_dependencies-extras.cmake
[5.714s] -- Installing: /home/dynepanch/ros2_ws/src/person_msgs/install/person_msgs/share/person_msgs/cmake/rosidl_cmake_export_typesupport_libraries-extras.cmake
[5.714s] -- Installing: /home/dynepanch/ros2_ws/src/person_msgs/install/person_msgs/share/person_msgs/cmake/person_msgsConfig.cmake
[5.714s] -- Installing: /home/dynepanch/ros2_ws/src/person_msgs/install/person_msgs/share/person_msgs/cmake/person_msgsConfig-version.cmake
[5.714s] -- Installing: /home/dynepanch/ros2_ws/src/person_msgs/install/person_msgs/share/person_msgs/package.xml
[5.716s] Invoked command in '/home/dynepanch/ros2_ws/src/person_msgs/build/person_msgs' returned '0': CMAKE_PREFIX_PATH=${CMAKE_PREFIX_PATH}:/home/dynepanch/ros2_ws/install/mypkg:/home/dynepanch/ros2_ws/install/CIT_DAR:/home/dynepanch/ros2_ws3/ros2_ws/install/mypkg:/opt/ros/humble /usr/bin/cmake --install /home/dynepanch/ros2_ws/src/person_msgs/build/person_msgs
